2024-03-07 15:44:58,301 - __main__ - INFO - 识别结果: 测试号码18819261072
2024-03-07 15:44:58,305 - __main__ - INFO - 耗时: 2.04 秒
2024-03-07 15:49:39,020 - __main__ - INFO - 识别结果: 测试号码18819261072
2024-03-07 15:49:39,022 - __main__ - INFO - 耗时: 1.59 秒
2024-03-07 15:50:56,822 - __main__ - INFO - 识别结果: 测试号码18819261072
2024-03-07 15:50:56,823 - __main__ - INFO - 耗时: 2.49 秒
2024-03-07 15:51:00,136 - __main__ - INFO - 识别结果: 测试号码18819261072
2024-03-07 15:51:00,138 - __main__ - INFO - 耗时: 1.51 秒
2024-03-07 15:51:06,070 - __main__ - INFO - 识别结果: 测试号码18819261072
2024-03-07 15:51:06,072 - __main__ - INFO - 耗时: 1.32 秒
2024-03-07 15:51:09,215 - __main__ - INFO - 识别结果: 测试号码18819261072
2024-03-07 15:51:09,217 - __main__ - INFO - 耗时: 1.53 秒
2024-03-07 15:51:11,522 - __main__ - INFO - 识别结果: 测试号码18819261072
2024-03-07 15:51:11,523 - __main__ - INFO - 耗时: 1.04 秒
2024-03-07 16:14:38,459 - __main__ - INFO - 初始化 WSS 连接 JSON 字符串: {"mode": "offline", "wav_name": "wav_name", "wav_format": "wav", "is_speaking": true, "itn": true}
2024-03-07 16:14:42,786 - __main__ - INFO - 将字典对象序列化为 JSON 字符串: {"mode": "offline", "wav_name": "test-number-188.mp3", "wav_format": "wav", "is_speaking": false}
2024-03-07 16:14:45,671 - __main__ - INFO - 识别结果: 测试号码18819261072 
2024-03-07 16:14:47,395 - __main__ - INFO - 将字典对象序列化为 JSON 字符串: {"mode": "offline", "wav_name": "test-number-188.mp3", "wav_format": "wav", "is_speaking": false}
2024-03-07 16:14:48,529 - __main__ - INFO - 识别结果: 测试号码18819261072 
2024-03-07 16:14:49,378 - __main__ - INFO - 将字典对象序列化为 JSON 字符串: {"mode": "offline", "wav_name": "test-number-188.mp3", "wav_format": "wav", "is_speaking": false}
2024-03-07 16:14:50,498 - __main__ - INFO - 识别结果: 测试号码18819261072 
2024-03-07 16:14:51,293 - __main__ - INFO - 将字典对象序列化为 JSON 字符串: {"mode": "offline", "wav_name": "test-number-188.mp3", "wav_format": "wav", "is_speaking": false}
2024-03-07 16:14:52,428 - __main__ - INFO - 识别结果: 测试号码18819261072 
